FC2	1nj5WW
1uBn6Z	h	199.48.81.4
1	0	0	0	0	0	0	0
0	1	0	1	0	0	0	0	1	0	2	0	3	1	2	0	0	1	1	2	0	0	2	0
1	3	3	3	2	2	3
1	0	0	0	0	0
2	0	0	0	1	0	0	0	0	0	0	0
3	2	a	1	1	0
h	1uBn6Z	199.48.81.4	LWNutch/Nutch-1.4 (another scientific bot - we check your robots.txt! ; contact by mail: abuse _at- languageweaver.com)	noscript	-
g	1tV24L	crawl-66-249-74-122.googlebot.com	!5.0 (compatible; Googlebot/2.1; +http://www.google.com/bot.html)	-	5a,7K,o
f	1tUyNd	aa20080909957cd7d40e.userreverse.dion.ne.jp	!4.0 (!6.0; Windows NT 5.1; SV1; dbot)	noscript	-
e	1sJ650	60.54.45.2	!4.0 (!6.0; Windows 98)	-	-
d	1sjEJF	crawl-119-235-237-18.naver.jp	Yeti/1.0 (NHN Corp.; http://help.naver.com/robots/)	noscript	-
c	1rq7I8	crawl-119-235-237-20.naver.jp	Yeti/1.0 (NHN Corp.; http://help.naver.com/robots/)	noscript	-
b	1rmoGB	crawl-119-235-237-85.naver.jp	Yeti/1.0 (NHN Corp.; http://help.naver.com/robots/)	noscript	-
a	1reV5m	crawl-119-235-237-17.naver.jp	Yeti/1.0 (NHN Corp.; http://help.naver.com/robots/)	noscript	-
9	1rcoze	wb94proxy08.ezweb.ne.jp	KDDI-SH38 UP.Browser/6.2_7.2.7.1.K.3.352 (GUI) MMP/2.0	noscript	-
8	1r9jgb	crawl-202-131-30-148.naver.jp	Yeti/1.0 (NHN Corp.; http://help.naver.com/robots/)	noscript	-
7	1r6acm	122.50.129.74	!4.0 (!5.0; Windows NT; DigExt)	,ref,	-
6	1qTgGz	crawl-119-235-237-93.naver.jp	Yeti/1.0 (NHN Corp.; http://help.naver.com/robots/)	noscript	-
5	1quy4R	crawl-119-235-237-85.naver.jp	Yeti/1.0 (NHN Corp.; http://help.naver.com/robots/)	noscript	-
4	1q7sSQ	crawl-119-235-237-19.naver.jp	Yeti/1.0 (NHN Corp.; http://help.naver.com/robots/)	noscript	-
3	1pKQ8L	crawl-119-235-237-92.naver.jp	Yeti/1.0 (NHN Corp.; http://help.naver.com/robots/)	noscript	-
2	1oGBkp	crawl-119-235-237-93.naver.jp	Yeti/1.0 (NHN Corp.; http://help.naver.com/robots/)	noscript	-
1	1nj5WW	crawl-202-131-30-146.naver.jp	Yeti/1.0 (NHN Corp.; http://help.naver.com/robots/)	noscript	-
